krasi0
Stardust
Monster
BananaBrain
Locutus
Brainiac
adias
PurpleWave
Hao Pan
Crona
McRaveZ
Steamhammer
Dragon
Microwave
Terminus
MadMixP
WillyT
Randomhammer
Iron bot
Proxy
CherryPiSSCAIT2017
XIAOYICOG2019
TyrProtoss
DaQin
Arrakhammer
Andrew Smith
Bereaver
Simplicity
NLPRbot
Chris Coxe
tscmoo
Tomas Vajda
MegaBot2017
WuliBot
BetaStar
Sijia Xu
legacy
Dave Churchill
MadMixR
Ecgberht
Junkbot
Pathos
ZurZurZur
Martin Rooijackers
CUBOT
Flash
AILien
Bryan Weber
MicRobot
Zia bot
WillBot
Zealot Hell
Prism Cactus
StyxZ2
ICELab
Slater
MadMixZ
Lukas Moravec
Florian Richoux
Velicorandom
MadMixT
Pineapple Cactus
Soeren Klett
Tomas Cere
NiteKatT
Yuanheng Zhu
Infested Artosis
Newbie Zerg
KasoBot
KaonBot
skyFORKnet
Stone
Sungguk Cha
UITtest
RedRum
Zerg Hell
Matej Istenik
KillAlll
EggBot
Aurelien Lermant
Feint
Hopark
Marine Hell
KangarooBot
ABCDxyz
Pinfel 2
NuiBot
Boris
StarCrusher
DTD Bot
JumpyDoggoBot
Fifou Legend
Delingvery
ForceBot
insanitybot
Jakub Trancik
